<?xml version="1.0" encoding="UTF-8"?>
<!-- Generated by org.testng.reporters.JUnitReportReporter -->
<testsuite hostname="DESKTOP-M8FO46N" failures="0" tests="6" name="scenario1.NewTest" time="19.129" errors="0" timestamp="2021-01-31T21:15:55 CET" skipped="0">
  <testcase classname="scenario1.NewTest" name="eleminateCookies" time="5.020"/>
  <testcase classname="scenario1.NewTest" name="checkMegaMenu" time="0.725"/>
  <testcase classname="scenario1.NewTest" name="checkTeflMenu" time="0.464"/>
  <testcase classname="scenario1.NewTest" name="checkSubMenuTeflCertifications" time="4.529"/>
  <testcase classname="scenario1.NewTest" name="checkCoursesMenu" time="3.455"/>
  <testcase classname="scenario1.NewTest" name="checkJobsMenu" time="4.936"/>
</testsuite> <!-- scenario1.NewTest -->
