<?xml version="1.0" encoding="UTF-8"?>
<!-- Generated by org.testng.reporters.JUnitReportReporter -->
<testsuite hostname="DESKTOP-M8FO46N" failures="0" tests="4" name="suite2.IncorrectEmail" time="9.923" errors="0" timestamp="2021-01-31T21:07:56 CET" skipped="0">
  <testcase classname="suite2.IncorrectEmail" name="eleminateCookies" time="4.184"/>
  <testcase classname="suite2.IncorrectEmail" name="IncorrectLogin" time="3.464"/>
  <testcase classname="suite2.IncorrectEmail" name="getError" time="2.035"/>
  <testcase classname="suite2.IncorrectEmail" name="quitDriver" time="0.240"/>
</testsuite> <!-- suite2.IncorrectEmail -->
