<?xml version="1.0" encoding="UTF-8"?>
<!-- Generated by org.testng.reporters.JUnitReportReporter -->
<testsuite hostname="DESKTOP-M8FO46N" failures="0" tests="1" name="scenario1.a" time="0.007" errors="0" timestamp="2021-01-31T15:17:14 CET" skipped="0">
  <testcase classname="scenario1.a" name="f" time="0.007"/>
</testsuite> <!-- scenario1.a -->
