<?xml version="1.0" encoding="UTF-8"?>
<!-- Generated by org.testng.reporters.JUnitReportReporter -->
<testsuite hostname="DESKTOP-M8FO46N" failures="0" tests="10" name="registration.CorrectRegister" time="50.238" errors="0" timestamp="2021-02-01T14:36:53 CET" skipped="0">
  <testcase classname="registration.CorrectRegister" name="setUpDriver" time="11.158"/>
  <testcase classname="registration.CorrectRegister" name="UserFillsTheFormToRegister" time="4.136"/>
  <testcase classname="registration.CorrectRegister" name="assertWindowTitle" time="5.402"/>
  <testcase classname="registration.CorrectRegister" name="userFillsWelcomeForm" time="1.640"/>
  <testcase classname="registration.CorrectRegister" name="userFillsInteresForm" time="2.986"/>
  <testcase classname="registration.CorrectRegister" name="userFillsPersonalInformation" time="5.595"/>
  <testcase classname="registration.CorrectRegister" name="education" time="1.423"/>
  <testcase classname="registration.CorrectRegister" name="experience" time="1.873"/>
  <testcase classname="registration.CorrectRegister" name="userClicksTeacherProfile" time="15.819"/>
  <testcase classname="registration.CorrectRegister" name="quitDriver" time="0.206"/>
</testsuite> <!-- registration.CorrectRegister -->
