<?xml version="1.0" encoding="UTF-8"?>
<!-- Generated by org.testng.reporters.JUnitReportReporter -->
<testsuite hostname="DESKTOP-M8FO46N" failures="0" tests="2" name="suite2.suite2" time="9.249" errors="0" timestamp="2021-01-31T18:45:11 CET" skipped="0">
  <testcase classname="suite2.suite2" name="eleminateCookies" time="5.439"/>
  <testcase classname="suite2.suite2" name="correctLogin" time="3.810"/>
</testsuite> <!-- suite2.suite2 -->
