<?xml version="1.0" encoding="UTF-8"?>
<!-- Generated by org.testng.reporters.JUnitReportReporter -->
<testsuite hostname="DESKTOP-M8FO46N" failures="0" tests="5" name="loginFeature.IncorrectPassword" time="20.680" errors="0" timestamp="2021-02-01T14:36:53 CET" skipped="0">
  <testcase classname="loginFeature.IncorrectPassword" name="setUpDriver1" time="11.110"/>
  <testcase classname="loginFeature.IncorrectPassword" name="eleminateCookies1" time="4.534"/>
  <testcase classname="loginFeature.IncorrectPassword" name="IncorrectLogin" time="3.590"/>
  <testcase classname="loginFeature.IncorrectPassword" name="getError" time="1.240"/>
  <testcase classname="loginFeature.IncorrectPassword" name="quitDriver" time="0.206"/>
</testsuite> <!-- loginFeature.IncorrectPassword -->
