<?xml version="1.0" encoding="UTF-8"?>
<!-- Generated by org.testng.reporters.JUnitReportReporter -->
<testsuite hostname="DESKTOP-M8FO46N" failures="0" tests="5" name="suite2.IncorrectPassword" time="21.418" errors="0" timestamp="2021-01-31T21:15:55 CET" skipped="0">
  <testcase classname="suite2.IncorrectPassword" name="setUpDriver1" time="11.967"/>
  <testcase classname="suite2.IncorrectPassword" name="eleminateCookies1" time="4.335"/>
  <testcase classname="suite2.IncorrectPassword" name="IncorrectLogin" time="3.022"/>
  <testcase classname="suite2.IncorrectPassword" name="getError" time="1.966"/>
  <testcase classname="suite2.IncorrectPassword" name="quitDriver" time="0.128"/>
</testsuite> <!-- suite2.IncorrectPassword -->
