<?xml version="1.0" encoding="UTF-8"?>
<!-- Generated by org.testng.reporters.JUnitReportReporter -->
<testsuite hostname="DESKTOP-M8FO46N" failures="0" tests="4" name="suite2.CorrectLogin" time="21.771" errors="0" timestamp="2021-01-31T21:15:55 CET" skipped="0">
  <testcase classname="suite2.CorrectLogin" name="setUpDriver" time="12.455"/>
  <testcase classname="suite2.CorrectLogin" name="eleminateCookies" time="5.604"/>
  <testcase classname="suite2.CorrectLogin" name="correctLogin" time="3.536"/>
  <testcase classname="suite2.CorrectLogin" name="quitDriver" time="0.176"/>
</testsuite> <!-- suite2.CorrectLogin -->
