<?xml version="1.0" encoding="UTF-8"?>
<!-- Generated by org.testng.reporters.JUnitReportReporter -->
<testsuite hostname="DESKTOP-M8FO46N" failures="0" tests="5" name="loginFeature.CorrectLogin" time="34.030" errors="0" timestamp="2021-02-01T14:36:53 CET" skipped="0">
  <testcase classname="loginFeature.CorrectLogin" name="setUpDriver" time="11.200"/>
  <testcase classname="loginFeature.CorrectLogin" name="eleminateCookies" time="4.599"/>
  <testcase classname="loginFeature.CorrectLogin" name="correctLogin" time="2.636"/>
  <testcase classname="loginFeature.CorrectLogin" name="logOut" time="15.368"/>
  <testcase classname="loginFeature.CorrectLogin" name="quitDriver" time="0.227"/>
</testsuite> <!-- loginFeature.CorrectLogin -->
