<?xml version="1.0" encoding="UTF-8"?>
<!-- Generated by org.testng.reporters.JUnitReportReporter -->
<testsuite hostname="DESKTOP-M8FO46N" failures="0" tests="6" name="megaMenu.Menu" time="16.182" errors="0" timestamp="2021-02-01T15:39:24 CET" skipped="0">
  <testcase classname="megaMenu.Menu" name="eleminateCookies" time="5.117"/>
  <testcase classname="megaMenu.Menu" name="checkMegaMenu" time="0.554"/>
  <testcase classname="megaMenu.Menu" name="checkTeflMenu" time="0.488"/>
  <testcase classname="megaMenu.Menu" name="checkSubMenuTeflCertifications" time="3.847"/>
  <testcase classname="megaMenu.Menu" name="checkCoursesMenu" time="5.920"/>
  <testcase classname="megaMenu.Menu" name="quitDriver" time="0.256"/>
</testsuite> <!-- megaMenu.Menu -->
