<?xml version="1.0" encoding="UTF-8"?>
<!-- Generated by org.testng.reporters.JUnitReportReporter -->
<testsuite hostname="DESKTOP-M8FO46N" failures="0" tests="10" name="registration.Register" time="57.110" errors="0" timestamp="2021-02-01T13:53:21 CET" skipped="0">
  <testcase classname="registration.Register" name="setUpDriver" time="12.711"/>
  <testcase classname="registration.Register" name="UserFillsTheFormToRegister" time="4.456"/>
  <testcase classname="registration.Register" name="assertWindowTitle" time="0.032"/>
  <testcase classname="registration.Register" name="userFillsWelcomeForm" time="7.948"/>
  <testcase classname="registration.Register" name="userFillsInteresForm" time="4.112"/>
  <testcase classname="registration.Register" name="userFillsPersonalInformation" time="6.397"/>
  <testcase classname="registration.Register" name="education" time="1.842"/>
  <testcase classname="registration.Register" name="experience" time="2.221"/>
  <testcase classname="registration.Register" name="userClicksTeacherProfile" time="17.175"/>
  <testcase classname="registration.Register" name="quitDriver" time="0.216"/>
</testsuite> <!-- registration.Register -->
