<?xml version="1.0" encoding="UTF-8"?>
<!-- Generated by org.testng.reporters.JUnitReportReporter -->
<testsuite hostname="DESKTOP-M8FO46N" failures="0" tests="5" name="loginFeature.IncorrectEmail" time="20.888" errors="0" timestamp="2021-02-01T14:36:53 CET" skipped="0">
  <testcase classname="loginFeature.IncorrectEmail" name="setUpDriver" time="11.359"/>
  <testcase classname="loginFeature.IncorrectEmail" name="eleminateCookies" time="4.189"/>
  <testcase classname="loginFeature.IncorrectEmail" name="IncorrectLogin" time="3.340"/>
  <testcase classname="loginFeature.IncorrectEmail" name="getError" time="1.834"/>
  <testcase classname="loginFeature.IncorrectEmail" name="quitDriver" time="0.166"/>
</testsuite> <!-- loginFeature.IncorrectEmail -->
